<?xml version="1.0" encoding="UTF-8"?>
<testsuite xmlns:xsi="http://www.w3.org/2001/XMLSchema-instance" xsi:noNamespaceSchemaLocation="https://maven.apache.org/surefire/maven-surefire-plugin/xsd/surefire-test-report.xsd" version="3.0.2" name="softwave.api_finance_ia.ApiFinanceIaApplicationTests" time="6.057" tests="1" errors="0" skipped="0" failures="0">
  <properties>
[...]
</properties>
  <testcase name="contextLoads" classname="softwave.api_finance_ia.ApiFinanceIaApplicationTests" time="0.391">
    <system-out><![CDATA[23:15:08.858 [main] INFO org.springframework.test.context.support.AnnotationConfigContextLoaderUtils -- Could not detect default configuration classes for test class [softwave.api_finance_ia.ApiFinanceIaApplicationTests]: ApiFinanceIaApplicationTests does not declare any static, non-private, non-final, nested classes annotated with @Configuration.
23:15:08.957 [main] INFO org.springframework.boot.test.context.SpringBootTestContextBootstrapper -- Found @SpringBootConfiguration softwave.api_finance_ia.ApiFinanceIaApplication for test class softwave.api_finance_ia.ApiFinanceIaApplicationTests

  .   ____          _            __ _ _
 /\\ / ___'_ __ _ _(_)_ __  __ _ \ \ \ \
( ( )\___ | '_ | '_| | '_ \/ _` | \ \ \ \
 \\/  ___)| |_)| | | | | || (_| |  ) ) ) )
  '  |____| .__|_| |_|_| |_\__, | / / / /
 =========|_|==============|___/=/_/_/_/

 :: Spring Boot ::                (v3.4.7)

2026-04-12T23:15:09.727-03:00  INFO 89516 --- [api-finance-ia] [           main] s.a.ApiFinanceIaApplicationTests         : Starting ApiFinanceIaApplicationTests using Java 22.0.2 with PID 89516 (started by crist in C:\Users\crist\OneDrive\Documents\API-IA-MOBILE\API-FINANCE-IA)
2026-04-12T23:15:09.729-03:00  INFO 89516 --- [api-finance-ia] [           main] s.a.ApiFinanceIaApplicationTests         : The following 1 profile is active: "test"
2026-04-12T23:15:10.829-03:00  INFO 89516 --- [api-finance-ia] [           main] .s.d.r.c.RepositoryConfigurationDelegate : Bootstrapping Spring Data JPA repositories in DEFAULT mode.
2026-04-12T23:15:10.894-03:00  INFO 89516 --- [api-finance-ia] [           main] .s.d.r.c.RepositoryConfigurationDelegate : Finished Spring Data repository scanning in 53 ms. Found 1 JPA repository interface.
2026-04-12T23:15:11.099-03:00  INFO 89516 --- [api-finance-ia] [           main] o.s.cloud.context.scope.GenericScope     : BeanFactory id=6b39b15c-b1c7-39dc-8afc-f675c8206cad
2026-04-12T23:15:11.502-03:00  INFO 89516 --- [api-finance-ia] [           main] o.hibernate.jpa.internal.util.LogHelper  : HHH000204: Processing PersistenceUnitInfo [name: default]
2026-04-12T23:15:11.566-03:00  INFO 89516 --- [api-finance-ia] [           main] org.hibernate.Version                    : HHH000412: Hibernate ORM core version 6.6.18.Final
2026-04-12T23:15:11.598-03:00  INFO 89516 --- [api-finance-ia] [           main] o.h.c.internal.RegionFactoryInitiator    : HHH000026: Second-level cache disabled
2026-04-12T23:15:11.877-03:00  INFO 89516 --- [api-finance-ia] [           main] o.s.o.j.p.SpringPersistenceUnitInfo      : No LoadTimeWeaver setup: ignoring JPA class transformer
2026-04-12T23:15:11.902-03:00  INFO 89516 --- [api-finance-ia] [           main] com.zaxxer.hikari.HikariDataSource       : HikariPool-1 - Starting...
2026-04-12T23:15:12.096-03:00  INFO 89516 --- [api-finance-ia] [           main] com.zaxxer.hikari.pool.HikariPool        : HikariPool-1 - Added connection conn0: url=jdbc:h2:mem:finance_ia_test user=SA
2026-04-12T23:15:12.098-03:00  INFO 89516 --- [api-finance-ia] [           main] com.zaxxer.hikari.HikariDataSource       : HikariPool-1 - Start completed.
2026-04-12T23:15:12.116-03:00  WARN 89516 --- [api-finance-ia] [           main] org.hibernate.orm.deprecation            : HHH90000025: MySQL8Dialect does not need to be specified explicitly using 'hibernate.dialect' (remove the property setting and it will be selected by default)
2026-04-12T23:15:12.117-03:00  WARN 89516 --- [api-finance-ia] [           main] org.hibernate.orm.deprecation            : HHH90000026: MySQL8Dialect has been deprecated; use org.hibernate.dialect.MySQLDialect instead
2026-04-12T23:15:12.137-03:00  INFO 89516 --- [api-finance-ia] [           main] org.hibernate.orm.connections.pooling    : HHH10001005: Database info:
	Database JDBC URL [Connecting through datasource 'HikariDataSource (HikariPool-1)']
	Database driver: undefined/unknown
	Database version: 8.0
	Autocommit mode: undefined/unknown
	Isolation level: undefined/unknown
	Minimum pool size: undefined/unknown
	Maximum pool size: undefined/unknown
2026-04-12T23:15:12.828-03:00  INFO 89516 --- [api-finance-ia] [           main] o.h.e.t.j.p.i.JtaPlatformInitiator       : HHH000489: No JTA platform available (set 'hibernate.transaction.jta.platform' to enable JTA platform integration)
2026-04-12T23:15:12.861-03:00  INFO 89516 --- [api-finance-ia] [           main] j.LocalContainerEntityManagerFactoryBean : Initialized JPA EntityManagerFactory for persistence unit 'default'
2026-04-12T23:15:13.508-03:00  WARN 89516 --- [api-finance-ia] [           main] JpaBaseConfiguration$JpaWebConfiguration : spring.jpa.open-in-view is enabled by default. Therefore, database queries may be performed during view rendering. Explicitly configure spring.jpa.open-in-view to disable this warning
2026-04-12T23:15:14.362-03:00  INFO 89516 --- [api-finance-ia] [           main] s.a.ApiFinanceIaApplicationTests         : Started ApiFinanceIaApplicationTests in 5.095 seconds (process running for 6.127)
]]></system-out>
    <system-err><![CDATA[Mockito is currently self-attaching to enable the inline-mock-maker. This will no longer work in future releases of the JDK. Please add Mockito as an agent to your build what is described in Mockito's documentation: https://javadoc.io/doc/org.mockito/mockito-core/latest/org/mockito/Mockito.html#0.3
WARNING: A Java agent has been loaded dynamically (C:\Users\crist\.m2\repository\net\bytebuddy\byte-buddy-agent\1.15.11\byte-buddy-agent-1.15.11.jar)
WARNING: If a serviceability tool is in use, please run with -XX:+EnableDynamicAgentLoading to hide this warning
WARNING: If a serviceability tool is not in use, please run with -Djdk.instrument.traceUsage for more information
WARNING: Dynamic loading of agents will be disallowed by default in a future release
]]></system-err>
  </testcase>
</testsuite>